{"D:\\After\\Company-Leetcode-Explorer\\src\\lib\\db\\company.data.ts": {"path":"D:\\After\\Company-Leetcode-Explorer\\src\\lib\\db\\company.data.ts","statementMap":{"0":{"start":{"line":163,"column":0},"end":{"line":163,"column":7}},"1":{"start":{"line":205,"column":0},"end":{"line":205,"column":7}},"2":{"start":{"line":280,"column":0},"end":{"line":280,"column":7}},"3":{"start":{"line":2,"column":0},"end":{"line":2,"column":36}},"4":{"start":{"line":3,"column":0},"end":{"line":3,"column":null}},"5":{"start":{"line":20,"column":0},"end":{"line":20,"column":38}},"6":{"start":{"line":21,"column":0},"end":{"line":21,"column":75}},"7":{"start":{"line":25,"column":4},"end":{"line":29,"column":5}},"8":{"start":{"line":26,"column":8},"end":{"line":28,"column":10}},"9":{"start":{"line":30,"column":4},"end":{"line":30,"column":14}},"10":{"start":{"line":51,"column":26},"end":{"line":51,"column":66}},"11":{"start":{"line":56,"column":17},"end":{"line":56,"column":32}},"12":{"start":{"line":57,"column":4},"end":{"line":82,"column":6}},"13":{"start":{"line":90,"column":4},"end":{"line":90,"column":63}},"14":{"start":{"line":106,"column":25},"end":{"line":106,"column":64}},"15":{"start":{"line":107,"column":23},"end":{"line":110,"column":null}},"16":{"start":{"line":114,"column":4},"end":{"line":123,"column":5}},"17":{"start":{"line":115,"column":37},"end":{"line":115,"column":68}},"18":{"start":{"line":116,"column":8},"end":{"line":122,"column":10}},"19":{"start":{"line":126,"column":4},"end":{"line":129,"column":5}},"20":{"start":{"line":127,"column":26},"end":{"line":127,"column":56}},"21":{"start":{"line":128,"column":8},"end":{"line":128,"column":66}},"22":{"start":{"line":131,"column":26},"end":{"line":131,"column":53}},"23":{"start":{"line":132,"column":17},"end":{"line":132,"column":35}},"24":{"start":{"line":133,"column":20},"end":{"line":133,"column":42}},"25":{"start":{"line":134,"column":20},"end":{"line":134,"column":28}},"26":{"start":{"line":137,"column":22},"end":{"line":137,"column":75}},"27":{"start":{"line":143,"column":4},"end":{"line":146,"column":5}},"28":{"start":{"line":144,"column":8},"end":{"line":144,"column":59}},"29":{"start":{"line":145,"column":8},"end":{"line":145,"column":62}},"30":{"start":{"line":148,"column":4},"end":{"line":151,"column":5}},"31":{"start":{"line":149,"column":8},"end":{"line":149,"column":59}},"32":{"start":{"line":150,"column":8},"end":{"line":150,"column":51}},"33":{"start":{"line":153,"column":4},"end":{"line":159,"column":6}},"34":{"start":{"line":169,"column":4},"end":{"line":200,"column":5}},"35":{"start":{"line":170,"column":37},"end":{"line":170,"column":55}},"36":{"start":{"line":173,"column":23},"end":{"line":176,"column":null}},"37":{"start":{"line":181,"column":8},"end":{"line":190,"column":10}},"38":{"start":{"line":192,"column":8},"end":{"line":192,"column":55}},"39":{"start":{"line":193,"column":8},"end":{"line":199,"column":10}},"40":{"start":{"line":213,"column":4},"end":{"line":276,"column":5}},"41":{"start":{"line":214,"column":29},"end":{"line":214,"column":68}},"42":{"start":{"line":215,"column":24},"end":{"line":215,"column":70}},"43":{"start":{"line":217,"column":37},"end":{"line":217,"column":55}},"44":{"start":{"line":218,"column":8},"end":{"line":226,"column":9}},"45":{"start":{"line":219,"column":41},"end":{"line":219,"column":75}},"46":{"start":{"line":220,"column":12},"end":{"line":225,"column":14}},"47":{"start":{"line":229,"column":30},"end":{"line":229,"column":65}},"48":{"start":{"line":230,"column":31},"end":{"line":230,"column":57}},"49":{"start":{"line":231,"column":27},"end":{"line":231,"column":68}},"50":{"start":{"line":232,"column":28},"end":{"line":232,"column":67}},"51":{"start":{"line":235,"column":23},"end":{"line":235,"column":51}},"52":{"start":{"line":238,"column":26},"end":{"line":238,"column":59}},"53":{"start":{"line":241,"column":25},"end":{"line":241,"column":34}},"54":{"start":{"line":242,"column":8},"end":{"line":255,"column":9}},"55":{"start":{"line":244,"column":30},"end":{"line":244,"column":61}},"56":{"start":{"line":245,"column":33},"end":{"line":245,"column":57}},"57":{"start":{"line":246,"column":12},"end":{"line":254,"column":13}},"58":{"start":{"line":248,"column":20},"end":{"line":248,"column":67}},"59":{"start":{"line":249,"column":16},"end":{"line":253,"column":18}},"60":{"start":{"line":257,"column":30},"end":{"line":257,"column":55}},"61":{"start":{"line":258,"column":26},"end":{"line":258,"column":74}},"62":{"start":{"line":260,"column":8},"end":{"line":266,"column":10}},"63":{"start":{"line":268,"column":8},"end":{"line":268,"column":69}},"64":{"start":{"line":269,"column":8},"end":{"line":275,"column":10}},"65":{"start":{"line":289,"column":4},"end":{"line":306,"column":5}},"66":{"start":{"line":290,"column":23},"end":{"line":293,"column":null}},"67":{"start":{"line":295,"column":8},"end":{"line":299,"column":10}},"68":{"start":{"line":301,"column":8},"end":{"line":301,"column":60}},"69":{"start":{"line":302,"column":8},"end":{"line":305,"column":10}},"70":{"start":{"line":310,"column":27},"end":{"line":310,"column":null}},"71":{"start":{"line":314,"column":23},"end":{"line":314,"column":42}},"72":{"start":{"line":320,"column":4},"end":{"line":326,"column":5}},"73":{"start":{"line":321,"column":8},"end":{"line":324,"column":10}},"74":{"start":{"line":325,"column":8},"end":{"line":325,"column":25}},"75":{"start":{"line":328,"column":4},"end":{"line":333,"column":5}},"76":{"start":{"line":329,"column":23},"end":{"line":329,"column":57}},"77":{"start":{"line":330,"column":8},"end":{"line":332,"column":9}},"78":{"start":{"line":331,"column":12},"end":{"line":331,"column":34}},"79":{"start":{"line":335,"column":26},"end":{"line":335,"column":69}},"80":{"start":{"line":336,"column":24},"end":{"line":336,"column":51}},"81":{"start":{"line":338,"column":4},"end":{"line":347,"column":5}},"82":{"start":{"line":339,"column":24},"end":{"line":339,"column":61}},"83":{"start":{"line":340,"column":8},"end":{"line":345,"column":9}},"84":{"start":{"line":341,"column":12},"end":{"line":344,"column":15}},"85":{"start":{"line":346,"column":8},"end":{"line":346,"column":23}},"86":{"start":{"line":348,"column":4},"end":{"line":348,"column":21}},"87":{"start":{"line":351,"column":30},"end":{"line":361,"column":1}},"88":{"start":{"line":355,"column":4},"end":{"line":360,"column":5}},"89":{"start":{"line":356,"column":8},"end":{"line":356,"column":65}},"90":{"start":{"line":358,"column":8},"end":{"line":358,"column":68}},"91":{"start":{"line":359,"column":8},"end":{"line":359,"column":25}},"92":{"start":{"line":351,"column":13},"end":{"line":351,"column":30}},"93":{"start":{"line":367,"column":4},"end":{"line":373,"column":5}},"94":{"start":{"line":368,"column":8},"end":{"line":371,"column":10}},"95":{"start":{"line":372,"column":8},"end":{"line":372,"column":25}},"96":{"start":{"line":375,"column":21},"end":{"line":375,"column":42}},"97":{"start":{"line":376,"column":4},"end":{"line":381,"column":5}},"98":{"start":{"line":377,"column":23},"end":{"line":377,"column":56}},"99":{"start":{"line":378,"column":8},"end":{"line":380,"column":9}},"100":{"start":{"line":379,"column":12},"end":{"line":379,"column":34}},"101":{"start":{"line":383,"column":25},"end":{"line":383,"column":64}},"102":{"start":{"line":384,"column":14},"end":{"line":384,"column":77}},"103":{"start":{"line":385,"column":26},"end":{"line":385,"column":42}},"104":{"start":{"line":387,"column":4},"end":{"line":396,"column":5}},"105":{"start":{"line":388,"column":24},"end":{"line":388,"column":71}},"106":{"start":{"line":389,"column":8},"end":{"line":394,"column":9}},"107":{"start":{"line":390,"column":12},"end":{"line":393,"column":15}},"108":{"start":{"line":395,"column":8},"end":{"line":395,"column":23}},"109":{"start":{"line":397,"column":4},"end":{"line":397,"column":21}},"110":{"start":{"line":400,"column":32},"end":{"line":410,"column":1}},"111":{"start":{"line":404,"column":4},"end":{"line":409,"column":5}},"112":{"start":{"line":405,"column":8},"end":{"line":405,"column":69}},"113":{"start":{"line":407,"column":8},"end":{"line":407,"column":72}},"114":{"start":{"line":408,"column":8},"end":{"line":408,"column":25}},"115":{"start":{"line":400,"column":13},"end":{"line":400,"column":32}},"116":{"start":{"line":413,"column":65},"end":{"line":413,"column":69}},"117":{"start":{"line":418,"column":4},"end":{"line":424,"column":5}},"118":{"start":{"line":423,"column":8},"end":{"line":423,"column":33}},"119":{"start":{"line":426,"column":25},"end":{"line":426,"column":64}},"120":{"start":{"line":427,"column":14},"end":{"line":427,"column":50}},"121":{"start":{"line":428,"column":30},"end":{"line":428,"column":46}},"122":{"start":{"line":429,"column":18},"end":{"line":431,"column":24}},"123":{"start":{"line":430,"column":26},"end":{"line":430,"column":55}},"124":{"start":{"line":433,"column":4},"end":{"line":435,"column":5}},"125":{"start":{"line":434,"column":8},"end":{"line":434,"column":55}},"126":{"start":{"line":437,"column":4},"end":{"line":437,"column":17}},"127":{"start":{"line":440,"column":34},"end":{"line":449,"column":1}},"128":{"start":{"line":443,"column":4},"end":{"line":448,"column":5}},"129":{"start":{"line":444,"column":8},"end":{"line":444,"column":65}},"130":{"start":{"line":446,"column":8},"end":{"line":446,"column":66}},"131":{"start":{"line":447,"column":8},"end":{"line":447,"column":18}},"132":{"start":{"line":440,"column":13},"end":{"line":440,"column":34}},"133":{"start":{"line":452,"column":40},"end":{"line":456,"column":1}},"134":{"start":{"line":453,"column":4},"end":{"line":453,"column":31}},"135":{"start":{"line":454,"column":4},"end":{"line":454,"column":23}},"136":{"start":{"line":455,"column":4},"end":{"line":455,"column":30}},"137":{"start":{"line":452,"column":13},"end":{"line":452,"column":40}},"138":{"start":{"line":459,"column":4},"end":{"line":464,"column":5}},"139":{"start":{"line":460,"column":8},"end":{"line":460,"column":45}},"140":{"start":{"line":461,"column":8},"end":{"line":461,"column":35}},"141":{"start":{"line":463,"column":8},"end":{"line":463,"column":69}},"142":{"start":{"line":468,"column":30},"end":{"line":544,"column":1}},"143":{"start":{"line":480,"column":4},"end":{"line":543,"column":5}},"144":{"start":{"line":481,"column":8},"end":{"line":483,"column":9}},"145":{"start":{"line":482,"column":12},"end":{"line":482,"column":67}},"146":{"start":{"line":485,"column":28},"end":{"line":485,"column":53}},"147":{"start":{"line":486,"column":31},"end":{"line":486,"column":68}},"148":{"start":{"line":489,"column":32},"end":{"line":491,"column":null}},"149":{"start":{"line":493,"column":8},"end":{"line":499,"column":9}},"150":{"start":{"line":494,"column":12},"end":{"line":498,"column":14}},"151":{"start":{"line":501,"column":54},"end":{"line":518,"column":10}},"152":{"start":{"line":521,"column":8},"end":{"line":528,"column":11}},"153":{"start":{"line":522,"column":12},"end":{"line":527,"column":13}},"154":{"start":{"line":526,"column":16},"end":{"line":526,"column":78}},"155":{"start":{"line":530,"column":29},"end":{"line":530,"column":68}},"156":{"start":{"line":531,"column":23},"end":{"line":531,"column":67}},"157":{"start":{"line":533,"column":8},"end":{"line":533,"column":40}},"158":{"start":{"line":535,"column":8},"end":{"line":535,"column":33}},"159":{"start":{"line":538,"column":12},"end":{"line":540,"column":67}},"160":{"start":{"line":541,"column":8},"end":{"line":541,"column":66}},"161":{"start":{"line":542,"column":8},"end":{"line":542,"column":44}},"162":{"start":{"line":468,"column":13},"end":{"line":468,"column":30}}},"fnMap":{"0":{"name":"getFirestore","decl":{"start":{"line":24,"column":9},"end":{"line":24,"column":21}},"loc":{"start":{"line":24,"column":21},"end":{"line":31,"column":1}}},"1":{"name":"mapFirestoreDocToCompany","decl":{"start":{"line":53,"column":9},"end":{"line":53,"column":33}},"loc":{"start":{"line":54,"column":58},"end":{"line":83,"column":1}}},"2":{"name":"generateCursorKey","decl":{"start":{"line":86,"column":9},"end":{"line":86,"column":26}},"loc":{"start":{"line":88,"column":39},"end":{"line":91,"column":1}}},"3":{"name":"fetchCompaniesWithCursor","decl":{"start":{"line":94,"column":15},"end":{"line":94,"column":39}},"loc":{"start":{"line":98,"column":39},"end":{"line":160,"column":1}}},"4":{"name":"getCompanies","decl":{"start":{"line":163,"column":22},"end":{"line":163,"column":34}},"loc":{"start":{"line":168,"column":26},"end":{"line":201,"column":1}}},"5":{"name":"getCompaniesWithTotalCount","decl":{"start":{"line":205,"column":22},"end":{"line":205,"column":48}},"loc":{"start":{"line":212,"column":6},"end":{"line":277,"column":1}}},"6":{"name":"loadMoreCompanies","decl":{"start":{"line":280,"column":22},"end":{"line":280,"column":39}},"loc":{"start":{"line":283,"column":23},"end":{"line":307,"column":1}}},"7":{"name":"fetchCompanyByIdFromFirestore","decl":{"start":{"line":316,"column":15},"end":{"line":316,"column":44}},"loc":{"start":{"line":318,"column":28},"end":{"line":349,"column":1}}},"8":{"name":"(anonymous_8)","decl":{"start":{"line":351,"column":30},"end":{"line":351,"column":35}},"loc":{"start":{"line":354,"column":34},"end":{"line":361,"column":1}}},"9":{"name":"fetchCompanyBySlugFromFirestore","decl":{"start":{"line":363,"column":15},"end":{"line":363,"column":46}},"loc":{"start":{"line":365,"column":28},"end":{"line":398,"column":1}}},"10":{"name":"(anonymous_10)","decl":{"start":{"line":400,"column":32},"end":{"line":400,"column":37}},"loc":{"start":{"line":403,"column":34},"end":{"line":410,"column":1}}},"11":{"name":"fetchAllCompanySlugsFromFirestore","decl":{"start":{"line":415,"column":15},"end":{"line":415,"column":48}},"loc":{"start":{"line":416,"column":28},"end":{"line":438,"column":1}}},"12":{"name":"(anonymous_12)","decl":{"start":{"line":430,"column":13},"end":{"line":430,"column":14}},"loc":{"start":{"line":430,"column":26},"end":{"line":430,"column":55}}},"13":{"name":"(anonymous_13)","decl":{"start":{"line":440,"column":34},"end":{"line":440,"column":39}},"loc":{"start":{"line":442,"column":23},"end":{"line":449,"column":1}}},"14":{"name":"(anonymous_14)","decl":{"start":{"line":452,"column":40},"end":{"line":452,"column":43}},"loc":{"start":{"line":452,"column":45},"end":{"line":456,"column":1}}},"15":{"name":"revalidateCompaniesPage","decl":{"start":{"line":458,"column":15},"end":{"line":458,"column":38}},"loc":{"start":{"line":458,"column":38},"end":{"line":465,"column":1}}},"16":{"name":"(anonymous_16)","decl":{"start":{"line":468,"column":30},"end":{"line":468,"column":35}},"loc":{"start":{"line":479,"column":77},"end":{"line":544,"column":1}}},"17":{"name":"(anonymous_17)","decl":{"start":{"line":521,"column":46},"end":{"line":521,"column":47}},"loc":{"start":{"line":521,"column":54},"end":{"line":528,"column":9}}}},"branchMap":{"0":{"loc":{"start":{"line":25,"column":4},"end":{"line":29,"column":5}},"type":"if","locations":[{"start":{"line":25,"column":4},"end":{"line":29,"column":5}},{"start":{},"end":{}}]},"1":{"loc":{"start":{"line":59,"column":14},"end":{"line":59,"column":45}},"type":"binary-expr","locations":[{"start":{"line":59,"column":14},"end":{"line":59,"column":23}},{"start":{"line":59,"column":27},"end":{"line":59,"column":45}}]},"2":{"loc":{"start":{"line":65,"column":22},"end":{"line":65,"column":44}},"type":"binary-expr","locations":[{"start":{"line":65,"column":22},"end":{"line":65,"column":39}},{"start":{"line":65,"column":43},"end":{"line":65,"column":44}}]},"3":{"loc":{"start":{"line":66,"column":26},"end":{"line":70,"column":null}},"type":"binary-expr","locations":[{"start":{"line":66,"column":26},"end":{"line":66,"column":47}},{"start":{"line":66,"column":51},"end":{"line":70,"column":null}}]},"4":{"loc":{"start":{"line":71,"column":23},"end":{"line":76,"column":null}},"type":"binary-expr","locations":[{"start":{"line":71,"column":23},"end":{"line":71,"column":41}},{"start":{"line":71,"column":45},"end":{"line":76,"column":null}}]},"5":{"loc":{"start":{"line":77,"column":20},"end":{"line":77,"column":41}},"type":"binary-expr","locations":[{"start":{"line":77,"column":20},"end":{"line":77,"column":35}},{"start":{"line":77,"column":39},"end":{"line":77,"column":41}}]},"6":{"loc":{"start":{"line":79,"column":12},"end":{"line":81,"column":27}},"type":"cond-expr","locations":[{"start":{"line":80,"column":18},"end":{"line":80,"column":50}},{"start":{"line":81,"column":18},"end":{"line":81,"column":27}}]},"7":{"loc":{"start":{"line":88,"column":4},"end":{"line":88,"column":39}},"type":"default-arg","locations":[{"start":{"line":88,"column":33},"end":{"line":88,"column":39}}]},"8":{"loc":{"start":{"line":90,"column":14},"end":{"line":90,"column":33}},"type":"binary-expr","locations":[{"start":{"line":90,"column":14},"end":{"line":90,"column":24}},{"start":{"line":90,"column":28},"end":{"line":90,"column":33}}]},"9":{"loc":{"start":{"line":98,"column":4},"end":{"line":98,"column":39}},"type":"default-arg","locations":[{"start":{"line":98,"column":33},"end":{"line":98,"column":39}}]},"10":{"loc":{"start":{"line":114,"column":4},"end":{"line":123,"column":5}},"type":"if","locations":[{"start":{"line":114,"column":4},"end":{"line":123,"column":5}},{"start":{},"end":{}}]},"11":{"loc":{"start":{"line":114,"column":8},"end":{"line":114,"column":46}},"type":"binary-expr","locations":[{"start":{"line":114,"column":8},"end":{"line":114,"column":18}},{"start":{"line":114,"column":22},"end":{"line":114,"column":46}}]},"12":{"loc":{"start":{"line":126,"column":4},"end":{"line":129,"column":5}},"type":"if","locations":[{"start":{"line":126,"column":4},"end":{"line":129,"column":5}},{"start":{},"end":{}}]},"13":{"loc":{"start":{"line":126,"column":8},"end":{"line":126,"column":47}},"type":"binary-expr","locations":[{"start":{"line":126,"column":8},"end":{"line":126,"column":14}},{"start":{"line":126,"column":18},"end":{"line":126,"column":47}}]},"14":{"loc":{"start":{"line":143,"column":4},"end":{"line":146,"column":5}},"type":"if","locations":[{"start":{"line":143,"column":4},"end":{"line":146,"column":5}},{"start":{},"end":{}}]},"15":{"loc":{"start":{"line":143,"column":8},"end":{"line":143,"column":39}},"type":"binary-expr","locations":[{"start":{"line":143,"column":8},"end":{"line":143,"column":15}},{"start":{"line":143,"column":19},"end":{"line":143,"column":39}}]},"16":{"loc":{"start":{"line":148,"column":4},"end":{"line":151,"column":5}},"type":"if","locations":[{"start":{"line":148,"column":4},"end":{"line":151,"column":5}},{"start":{},"end":{}}]},"17":{"loc":{"start":{"line":148,"column":8},"end":{"line":148,"column":39}},"type":"binary-expr","locations":[{"start":{"line":148,"column":8},"end":{"line":148,"column":15}},{"start":{"line":148,"column":19},"end":{"line":148,"column":39}}]},"18":{"loc":{"start":{"line":163,"column":35},"end":{"line":168,"column":26}},"type":"default-arg","locations":[{"start":{"line":168,"column":24},"end":{"line":168,"column":26}}]},"19":{"loc":{"start":{"line":164,"column":4},"end":{"line":164,"column":12}},"type":"default-arg","locations":[{"start":{"line":164,"column":11},"end":{"line":164,"column":12}}]},"20":{"loc":{"start":{"line":165,"column":4},"end":{"line":165,"column":16}},"type":"default-arg","locations":[{"start":{"line":165,"column":15},"end":{"line":165,"column":16}}]},"21":{"loc":{"start":{"line":170,"column":37},"end":{"line":170,"column":55}},"type":"cond-expr","locations":[{"start":{"line":170,"column":47},"end":{"line":170,"column":49}},{"start":{"line":170,"column":37},"end":{"line":170,"column":55}}]},"22":{"loc":{"start":{"line":170,"column":37},"end":{"line":170,"column":49}},"type":"binary-expr","locations":[{"start":{"line":170,"column":37},"end":{"line":170,"column":49}},{"start":{"line":170,"column":37},"end":{"line":170,"column":49}}]},"23":{"loc":{"start":{"line":187,"column":25},"end":{"line":187,"column":50}},"type":"cond-expr","locations":[{"start":{"line":187,"column":34},"end":{"line":187,"column":43}},{"start":{"line":187,"column":46},"end":{"line":187,"column":50}}]},"24":{"loc":{"start":{"line":205,"column":49},"end":{"line":212,"column":6}},"type":"default-arg","locations":[{"start":{"line":212,"column":4},"end":{"line":212,"column":6}}]},"25":{"loc":{"start":{"line":206,"column":4},"end":{"line":206,"column":12}},"type":"default-arg","locations":[{"start":{"line":206,"column":11},"end":{"line":206,"column":12}}]},"26":{"loc":{"start":{"line":207,"column":4},"end":{"line":207,"column":16}},"type":"default-arg","locations":[{"start":{"line":207,"column":15},"end":{"line":207,"column":16}}]},"27":{"loc":{"start":{"line":217,"column":37},"end":{"line":217,"column":55}},"type":"cond-expr","locations":[{"start":{"line":217,"column":47},"end":{"line":217,"column":49}},{"start":{"line":217,"column":37},"end":{"line":217,"column":55}}]},"28":{"loc":{"start":{"line":217,"column":37},"end":{"line":217,"column":49}},"type":"binary-expr","locations":[{"start":{"line":217,"column":37},"end":{"line":217,"column":49}},{"start":{"line":217,"column":37},"end":{"line":217,"column":49}}]},"29":{"loc":{"start":{"line":218,"column":8},"end":{"line":226,"column":9}},"type":"if","locations":[{"start":{"line":218,"column":8},"end":{"line":226,"column":9}},{"start":{},"end":{}}]},"30":{"loc":{"start":{"line":231,"column":27},"end":{"line":231,"column":68}},"type":"binary-expr","locations":[{"start":{"line":231,"column":27},"end":{"line":231,"column":63}},{"start":{"line":231,"column":67},"end":{"line":231,"column":68}}]},"31":{"loc":{"start":{"line":242,"column":8},"end":{"line":255,"column":9}},"type":"if","locations":[{"start":{"line":242,"column":8},"end":{"line":255,"column":9}},{"start":{},"end":{}}]},"32":{"loc":{"start":{"line":246,"column":12},"end":{"line":254,"column":13}},"type":"if","locations":[{"start":{"line":246,"column":12},"end":{"line":254,"column":13}},{"start":{},"end":{}}]},"33":{"loc":{"start":{"line":282,"column":4},"end":{"line":282,"column":24}},"type":"default-arg","locations":[{"start":{"line":282,"column":23},"end":{"line":282,"column":24}}]},"34":{"loc":{"start":{"line":318,"column":4},"end":{"line":318,"column":28}},"type":"default-arg","locations":[{"start":{"line":318,"column":24},"end":{"line":318,"column":28}}]},"35":{"loc":{"start":{"line":320,"column":4},"end":{"line":326,"column":5}},"type":"if","locations":[{"start":{"line":320,"column":4},"end":{"line":326,"column":5}},{"start":{},"end":{}}]},"36":{"loc":{"start":{"line":320,"column":8},"end":{"line":320,"column":51}},"type":"binary-expr","locations":[{"start":{"line":320,"column":8},"end":{"line":320,"column":18}},{"start":{"line":320,"column":22},"end":{"line":320,"column":51}}]},"37":{"loc":{"start":{"line":328,"column":4},"end":{"line":333,"column":5}},"type":"if","locations":[{"start":{"line":328,"column":4},"end":{"line":333,"column":5}},{"start":{},"end":{}}]},"38":{"loc":{"start":{"line":328,"column":8},"end":{"line":328,"column":53}},"type":"binary-expr","locations":[{"start":{"line":328,"column":8},"end":{"line":328,"column":16}},{"start":{"line":328,"column":20},"end":{"line":328,"column":53}}]},"39":{"loc":{"start":{"line":330,"column":8},"end":{"line":332,"column":9}},"type":"if","locations":[{"start":{"line":330,"column":8},"end":{"line":332,"column":9}},{"start":{},"end":{}}]},"40":{"loc":{"start":{"line":338,"column":4},"end":{"line":347,"column":5}},"type":"if","locations":[{"start":{"line":338,"column":4},"end":{"line":347,"column":5}},{"start":{},"end":{}}]},"41":{"loc":{"start":{"line":340,"column":8},"end":{"line":345,"column":9}},"type":"if","locations":[{"start":{"line":340,"column":8},"end":{"line":345,"column":9}},{"start":{},"end":{}}]},"42":{"loc":{"start":{"line":353,"column":4},"end":{"line":353,"column":28}},"type":"default-arg","locations":[{"start":{"line":353,"column":24},"end":{"line":353,"column":28}}]},"43":{"loc":{"start":{"line":365,"column":4},"end":{"line":365,"column":28}},"type":"default-arg","locations":[{"start":{"line":365,"column":24},"end":{"line":365,"column":28}}]},"44":{"loc":{"start":{"line":367,"column":4},"end":{"line":373,"column":5}},"type":"if","locations":[{"start":{"line":367,"column":4},"end":{"line":373,"column":5}},{"start":{},"end":{}}]},"45":{"loc":{"start":{"line":367,"column":8},"end":{"line":367,"column":55}},"type":"binary-expr","locations":[{"start":{"line":367,"column":8},"end":{"line":367,"column":20}},{"start":{"line":367,"column":24},"end":{"line":367,"column":55}}]},"46":{"loc":{"start":{"line":376,"column":4},"end":{"line":381,"column":5}},"type":"if","locations":[{"start":{"line":376,"column":4},"end":{"line":381,"column":5}},{"start":{},"end":{}}]},"47":{"loc":{"start":{"line":376,"column":8},"end":{"line":376,"column":52}},"type":"binary-expr","locations":[{"start":{"line":376,"column":8},"end":{"line":376,"column":16}},{"start":{"line":376,"column":20},"end":{"line":376,"column":52}}]},"48":{"loc":{"start":{"line":378,"column":8},"end":{"line":380,"column":9}},"type":"if","locations":[{"start":{"line":378,"column":8},"end":{"line":380,"column":9}},{"start":{},"end":{}}]},"49":{"loc":{"start":{"line":387,"column":4},"end":{"line":396,"column":5}},"type":"if","locations":[{"start":{"line":387,"column":4},"end":{"line":396,"column":5}},{"start":{},"end":{}}]},"50":{"loc":{"start":{"line":389,"column":8},"end":{"line":394,"column":9}},"type":"if","locations":[{"start":{"line":389,"column":8},"end":{"line":394,"column":9}},{"start":{},"end":{}}]},"51":{"loc":{"start":{"line":402,"column":4},"end":{"line":402,"column":28}},"type":"default-arg","locations":[{"start":{"line":402,"column":24},"end":{"line":402,"column":28}}]},"52":{"loc":{"start":{"line":416,"column":4},"end":{"line":416,"column":28}},"type":"default-arg","locations":[{"start":{"line":416,"column":24},"end":{"line":416,"column":28}}]},"53":{"loc":{"start":{"line":418,"column":4},"end":{"line":424,"column":5}},"type":"if","locations":[{"start":{"line":418,"column":4},"end":{"line":424,"column":5}},{"start":{},"end":{}}]},"54":{"loc":{"start":{"line":419,"column":8},"end":{"line":421,"column":59}},"type":"binary-expr","locations":[{"start":{"line":419,"column":8},"end":{"line":419,"column":16}},{"start":{"line":420,"column":8},"end":{"line":420,"column":19}},{"start":{"line":421,"column":8},"end":{"line":421,"column":59}}]},"55":{"loc":{"start":{"line":433,"column":4},"end":{"line":435,"column":5}},"type":"if","locations":[{"start":{"line":433,"column":4},"end":{"line":435,"column":5}},{"start":{},"end":{}}]},"56":{"loc":{"start":{"line":441,"column":4},"end":{"line":441,"column":28}},"type":"default-arg","locations":[{"start":{"line":441,"column":24},"end":{"line":441,"column":28}}]},"57":{"loc":{"start":{"line":481,"column":8},"end":{"line":483,"column":9}},"type":"if","locations":[{"start":{"line":481,"column":8},"end":{"line":483,"column":9}},{"start":{},"end":{}}]},"58":{"loc":{"start":{"line":481,"column":13},"end":{"line":481,"column":37}},"type":"cond-expr","locations":[{"start":{"line":481,"column":29},"end":{"line":481,"column":31}},{"start":{"line":481,"column":29},"end":{"line":481,"column":37}}]},"59":{"loc":{"start":{"line":481,"column":13},"end":{"line":481,"column":31}},"type":"binary-expr","locations":[{"start":{"line":481,"column":13},"end":{"line":481,"column":31}},{"start":{"line":481,"column":29},"end":{"line":481,"column":31}}]},"60":{"loc":{"start":{"line":493,"column":8},"end":{"line":499,"column":9}},"type":"if","locations":[{"start":{"line":493,"column":8},"end":{"line":499,"column":9}},{"start":{},"end":{}}]},"61":{"loc":{"start":{"line":506,"column":25},"end":{"line":506,"column":56}},"type":"cond-expr","locations":[{"start":{"line":506,"column":48},"end":{"line":506,"column":50}},{"start":{"line":506,"column":48},"end":{"line":506,"column":56}}]},"62":{"loc":{"start":{"line":506,"column":25},"end":{"line":506,"column":50}},"type":"binary-expr","locations":[{"start":{"line":506,"column":25},"end":{"line":506,"column":50}},{"start":{"line":506,"column":48},"end":{"line":506,"column":50}}]},"63":{"loc":{"start":{"line":507,"column":21},"end":{"line":507,"column":48}},"type":"cond-expr","locations":[{"start":{"line":507,"column":40},"end":{"line":507,"column":42}},{"start":{"line":507,"column":40},"end":{"line":507,"column":48}}]},"64":{"loc":{"start":{"line":507,"column":21},"end":{"line":507,"column":42}},"type":"binary-expr","locations":[{"start":{"line":507,"column":21},"end":{"line":507,"column":42}},{"start":{"line":507,"column":40},"end":{"line":507,"column":42}}]},"65":{"loc":{"start":{"line":522,"column":12},"end":{"line":527,"column":13}},"type":"if","locations":[{"start":{"line":522,"column":12},"end":{"line":527,"column":13}},{"start":{},"end":{}}]},"66":{"loc":{"start":{"line":538,"column":12},"end":{"line":540,"column":67}},"type":"cond-expr","locations":[{"start":{"line":539,"column":18},"end":{"line":539,"column":31}},{"start":{"line":540,"column":18},"end":{"line":540,"column":67}}]}},"s":{"0":1,"1":1,"2":1,"3":1,"4":1,"5":1,"6":1,"7":20,"8":1,"9":19,"10":1,"11":6,"12":6,"13":3,"14":4,"15":3,"16":3,"17":0,"18":0,"19":3,"20":1,"21":1,"22":3,"23":2,"24":2,"25":2,"26":2,"27":2,"28":2,"29":2,"30":2,"31":1,"32":1,"33":2,"34":2,"35":2,"36":2,"37":1,"38":1,"39":1,"40":2,"41":2,"42":2,"43":2,"44":2,"45":0,"46":0,"47":2,"48":1,"49":1,"50":1,"51":1,"52":1,"53":1,"54":1,"55":1,"56":1,"57":1,"58":1,"59":1,"60":1,"61":1,"62":1,"63":1,"64":1,"65":2,"66":2,"67":1,"68":1,"69":1,"70":1,"71":1,"72":4,"73":0,"74":0,"75":4,"76":1,"77":1,"78":0,"79":4,"80":4,"81":3,"82":2,"83":2,"84":2,"85":2,"86":1,"87":1,"88":4,"89":4,"90":1,"91":1,"92":1,"93":5,"94":0,"95":0,"96":5,"97":5,"98":0,"99":0,"100":0,"101":5,"102":5,"103":5,"104":4,"105":1,"106":1,"107":0,"108":1,"109":3,"110":1,"111":2,"112":2,"113":1,"114":1,"115":1,"116":1,"117":3,"118":0,"119":3,"120":3,"121":3,"122":2,"123":6,"124":2,"125":2,"126":2,"127":1,"128":3,"129":3,"130":1,"131":1,"132":1,"133":1,"134":15,"135":15,"136":15,"137":1,"138":1,"139":1,"140":0,"141":1,"142":1,"143":3,"144":3,"145":0,"146":3,"147":3,"148":3,"149":3,"150":1,"151":2,"152":2,"153":22,"154":2,"155":2,"156":2,"157":1,"158":1,"159":1,"160":1,"161":1,"162":1},"f":{"0":20,"1":6,"2":3,"3":4,"4":2,"5":2,"6":2,"7":4,"8":4,"9":5,"10":2,"11":3,"12":6,"13":3,"14":15,"15":1,"16":3,"17":22},"b":{"0":[1,19],"1":[6,0],"2":[6,6],"3":[6,6],"4":[6,6],"5":[6,6],"6":[5,1],"7":[0],"8":[3,3],"9":[4],"10":[0,3],"11":[3,0],"12":[1,2],"13":[3,2],"14":[2,0],"15":[2,2],"16":[1,1],"17":[2,1],"18":[1],"19":[2],"20":[1],"21":[2,0],"22":[2,2],"23":[0,1],"24":[1],"25":[1],"26":[1],"27":[2,0],"28":[2,2],"29":[0,2],"30":[1,0],"31":[1,0],"32":[1,0],"33":[1],"34":[0],"35":[0,4],"36":[4,4],"37":[1,3],"38":[4,4],"39":[0,1],"40":[2,1],"41":[2,0],"42":[4],"43":[0],"44":[0,5],"45":[5,5],"46":[0,5],"47":[5,2],"48":[0,0],"49":[1,3],"50":[0,1],"51":[2],"52":[0],"53":[0,3],"54":[3,3,1],"55":[2,0],"56":[3],"57":[0,3],"58":[0,3],"59":[3,3],"60":[1,2],"61":[0,2],"62":[2,2],"63":[0,2],"64":[2,2],"65":[2,20],"66":[1,0]}}
}
