TN:
SF:src\lib\db\company.data.ts
FN:24,getFirestore
FN:53,mapFirestoreDocToCompany
FN:86,generateCursorKey
FN:94,fetchCompaniesWithCursor
FN:163,getCompanies
FN:205,getCompaniesWithTotalCount
FN:280,loadMoreCompanies
FN:316,fetchCompanyByIdFromFirestore
FN:351,(anonymous_8)
FN:363,fetchCompanyBySlugFromFirestore
FN:400,(anonymous_10)
FN:415,fetchAllCompanySlugsFromFirestore
FN:430,(anonymous_12)
FN:440,(anonymous_13)
FN:452,(anonymous_14)
FN:458,revalidateCompaniesPage
FN:468,(anonymous_16)
FN:521,(anonymous_17)
FNF:18
FNH:18
FNDA:20,getFirestore
FNDA:6,mapFirestoreDocToCompany
FNDA:3,generateCursorKey
FNDA:4,fetchCompaniesWithCursor
FNDA:2,getCompanies
FNDA:2,getCompaniesWithTotalCount
FNDA:2,loadMoreCompanies
FNDA:4,fetchCompanyByIdFromFirestore
FNDA:4,(anonymous_8)
FNDA:5,fetchCompanyBySlugFromFirestore
FNDA:2,(anonymous_10)
FNDA:3,fetchAllCompanySlugsFromFirestore
FNDA:6,(anonymous_12)
FNDA:3,(anonymous_13)
FNDA:15,(anonymous_14)
FNDA:1,revalidateCompaniesPage
FNDA:3,(anonymous_16)
FNDA:22,(anonymous_17)
DA:2,1
DA:3,1
DA:20,1
DA:21,1
DA:25,20
DA:26,1
DA:30,19
DA:51,1
DA:56,6
DA:57,6
DA:90,3
DA:106,4
DA:107,3
DA:114,3
DA:115,0
DA:116,0
DA:126,3
DA:127,1
DA:128,1
DA:131,3
DA:132,2
DA:133,2
DA:134,2
DA:137,2
DA:143,2
DA:144,2
DA:145,2
DA:148,2
DA:149,1
DA:150,1
DA:153,2
DA:163,1
DA:169,2
DA:170,2
DA:173,2
DA:181,1
DA:192,1
DA:193,1
DA:205,1
DA:213,2
DA:214,2
DA:215,2
DA:217,2
DA:218,2
DA:219,0
DA:220,0
DA:229,2
DA:230,1
DA:231,1
DA:232,1
DA:235,1
DA:238,1
DA:241,1
DA:242,1
DA:244,1
DA:245,1
DA:246,1
DA:248,1
DA:249,1
DA:257,1
DA:258,1
DA:260,1
DA:268,1
DA:269,1
DA:280,1
DA:289,2
DA:290,2
DA:295,1
DA:301,1
DA:302,1
DA:310,1
DA:314,1
DA:320,4
DA:321,0
DA:325,0
DA:328,4
DA:329,1
DA:330,1
DA:331,0
DA:335,4
DA:336,4
DA:338,3
DA:339,2
DA:340,2
DA:341,2
DA:346,2
DA:348,1
DA:351,1
DA:355,4
DA:356,4
DA:358,1
DA:359,1
DA:367,5
DA:368,0
DA:372,0
DA:375,5
DA:376,5
DA:377,0
DA:378,0
DA:379,0
DA:383,5
DA:384,5
DA:385,5
DA:387,4
DA:388,1
DA:389,1
DA:390,0
DA:395,1
DA:397,3
DA:400,1
DA:404,2
DA:405,2
DA:407,1
DA:408,1
DA:413,1
DA:418,3
DA:423,0
DA:426,3
DA:427,3
DA:428,3
DA:429,2
DA:430,6
DA:433,2
DA:434,2
DA:437,2
DA:440,1
DA:443,3
DA:444,3
DA:446,1
DA:447,1
DA:452,1
DA:453,15
DA:454,15
DA:455,15
DA:459,1
DA:460,1
DA:461,0
DA:463,1
DA:468,1
DA:480,3
DA:481,3
DA:482,0
DA:485,3
DA:486,3
DA:489,3
DA:493,3
DA:494,1
DA:501,2
DA:521,2
DA:522,22
DA:526,2
DA:530,2
DA:531,2
DA:533,1
DA:535,1
DA:538,1
DA:541,1
DA:542,1
LF:158
LH:142
BRDA:25,0,0,1
BRDA:25,0,1,19
BRDA:59,1,0,6
BRDA:59,1,1,0
BRDA:65,2,0,6
BRDA:65,2,1,6
BRDA:66,3,0,6
BRDA:66,3,1,6
BRDA:71,4,0,6
BRDA:71,4,1,6
BRDA:77,5,0,6
BRDA:77,5,1,6
BRDA:79,6,0,5
BRDA:79,6,1,1
BRDA:88,7,0,0
BRDA:90,8,0,3
BRDA:90,8,1,3
BRDA:98,9,0,4
BRDA:114,10,0,0
BRDA:114,10,1,3
BRDA:114,11,0,3
BRDA:114,11,1,0
BRDA:126,12,0,1
BRDA:126,12,1,2
BRDA:126,13,0,3
BRDA:126,13,1,2
BRDA:143,14,0,2
BRDA:143,14,1,0
BRDA:143,15,0,2
BRDA:143,15,1,2
BRDA:148,16,0,1
BRDA:148,16,1,1
BRDA:148,17,0,2
BRDA:148,17,1,1
BRDA:163,18,0,1
BRDA:164,19,0,2
BRDA:165,20,0,1
BRDA:170,21,0,2
BRDA:170,21,1,0
BRDA:170,22,0,2
BRDA:170,22,1,2
BRDA:187,23,0,0
BRDA:187,23,1,1
BRDA:205,24,0,1
BRDA:206,25,0,1
BRDA:207,26,0,1
BRDA:217,27,0,2
BRDA:217,27,1,0
BRDA:217,28,0,2
BRDA:217,28,1,2
BRDA:218,29,0,0
BRDA:218,29,1,2
BRDA:231,30,0,1
BRDA:231,30,1,0
BRDA:242,31,0,1
BRDA:242,31,1,0
BRDA:246,32,0,1
BRDA:246,32,1,0
BRDA:282,33,0,1
BRDA:318,34,0,0
BRDA:320,35,0,0
BRDA:320,35,1,4
BRDA:320,36,0,4
BRDA:320,36,1,4
BRDA:328,37,0,1
BRDA:328,37,1,3
BRDA:328,38,0,4
BRDA:328,38,1,4
BRDA:330,39,0,0
BRDA:330,39,1,1
BRDA:338,40,0,2
BRDA:338,40,1,1
BRDA:340,41,0,2
BRDA:340,41,1,0
BRDA:353,42,0,4
BRDA:365,43,0,0
BRDA:367,44,0,0
BRDA:367,44,1,5
BRDA:367,45,0,5
BRDA:367,45,1,5
BRDA:376,46,0,0
BRDA:376,46,1,5
BRDA:376,47,0,5
BRDA:376,47,1,2
BRDA:378,48,0,0
BRDA:378,48,1,0
BRDA:387,49,0,1
BRDA:387,49,1,3
BRDA:389,50,0,0
BRDA:389,50,1,1
BRDA:402,51,0,2
BRDA:416,52,0,0
BRDA:418,53,0,0
BRDA:418,53,1,3
BRDA:419,54,0,3
BRDA:419,54,1,3
BRDA:419,54,2,1
BRDA:433,55,0,2
BRDA:433,55,1,0
BRDA:441,56,0,3
BRDA:481,57,0,0
BRDA:481,57,1,3
BRDA:481,58,0,0
BRDA:481,58,1,3
BRDA:481,59,0,3
BRDA:481,59,1,3
BRDA:493,60,0,1
BRDA:493,60,1,2
BRDA:506,61,0,0
BRDA:506,61,1,2
BRDA:506,62,0,2
BRDA:506,62,1,2
BRDA:507,63,0,0
BRDA:507,63,1,2
BRDA:507,64,0,2
BRDA:507,64,1,2
BRDA:522,65,0,2
BRDA:522,65,1,20
BRDA:538,66,0,1
BRDA:538,66,1,0
BRF:120
BRH:90
end_of_record
